<?xml version="1.0" encoding="UTF-8"?>
<!-- Generated by org.testng.reporters.JUnitXMLReporter -->
<testsuite ignored="0" hostname="LAPTOP-G9FP0V0F" failures="2" tests="7" name="Command line test" time="1.024" errors="0" timestamp="2021-12-13T22:19:41 MSK">
  <testcase classname="by.epam.finalproject.model.dao.UserDiscountDaoTest" name="createTest" time="0.063"/>
  <testcase classname="by.epam.finalproject.model.dao.UserDiscountDaoTest" name="deleteByIdTest" time="0.016">
    <failure type="java.lang.AssertionError" message="expected [true] but found [false]">
      <![CDATA[java.lang.AssertionError: expected [true] but found [false]
at by.epam.finalproject.model.dao.UserDiscountDaoTest.deleteByIdTest(UserDiscountDaoTest.java:55)
at java.base/java.util.ArrayList.forEach(ArrayList.java:1511)
... Removed 41 stack frames]]>
    </failure>
  </testcase> <!-- deleteByIdTest -->
  <testcase classname="by.epam.finalproject.model.dao.UserDiscountDaoTest" name="deleteTest" time="0.016">
    <failure type="java.lang.NullPointerException" message="Cannot invoke &amp;quot;by.epam.finalproject.model.entity.UserDiscount.equals(Object)&amp;quot; because &amp;quot;userDiscount&amp;quot; is null">
      <![CDATA[java.lang.NullPointerException: Cannot invoke "by.epam.finalproject.model.entity.UserDiscount.equals(Object)" because "userDiscount" is null
at by.epam.finalproject.model.dao.impl.UserDiscountDao.delete(UserDiscountDao.java:95)
at by.epam.finalproject.model.dao.impl.UserDiscountDao.delete(UserDiscountDao.java:18)
at by.epam.finalproject.model.dao.UserDiscountDaoTest.deleteTest(UserDiscountDaoTest.java:59)
at java.base/java.util.ArrayList.forEach(ArrayList.java:1511)
... Removed 37 stack frames]]>
    </failure>
  </testcase> <!-- deleteTest -->
  <testcase classname="by.epam.finalproject.model.dao.UserDiscountDaoTest" name="findAllTest" time="0.0"/>
  <testcase classname="by.epam.finalproject.model.dao.UserDiscountDaoTest" name="findEntityByIdTest" time="0.0"/>
  <testcase classname="by.epam.finalproject.model.dao.UserDiscountDaoTest" name="updateTest" time="0.015"/>
  <testcase classname="by.epam.finalproject.util.PasswordEncryptionTest" name="md5ApacheTest" time="0.012"/>
</testsuite> <!-- Command line test -->
