<?xml version="1.0" encoding="UTF-8" ?>
<testsuite tests="7" failures="2" name="TestSuite" time="0.122" errors="0" skipped="0">
  <properties>
[...]
</properties>
  <testcase classname="by.epam.finalproject.model.dao.UserDiscountDaoTest" name="createTest" time="0.079"/>
  <testcase classname="by.epam.finalproject.model.dao.UserDiscountDaoTest" name="deleteByIdTest" time="0">
    <failure message="expected [true] but found [false]" type="java.lang.AssertionError">java.lang.AssertionError: expected [true] but found [false]
	at org.testng.Assert.fail(Assert.java:99)
	at org.testng.Assert.failNotEquals(Assert.java:1037)
	at org.testng.Assert.assertTrue(Assert.java:45)
	at org.testng.Assert.assertTrue(Assert.java:55)
	at by.epam.finalproject.model.dao.UserDiscountDaoTest.deleteByIdTest(UserDiscountDaoTest.java:55)
</failure>
  </testcase>
  <testcase classname="by.epam.finalproject.model.dao.UserDiscountDaoTest" name="deleteTest" time="0.016">
    <failure message="Cannot invoke &quot;by.epam.finalproject.model.entity.UserDiscount.equals(Object)&quot; because &quot;userDiscount&quot; is null" type="java.lang.NullPointerException">java.lang.NullPointerException: Cannot invoke &quot;by.epam.finalproject.model.entity.UserDiscount.equals(Object)&quot; because &quot;userDiscount&quot; is null
	at by.epam.finalproject.model.dao.impl.UserDiscountDao.delete(UserDiscountDao.java:95)
	at by.epam.finalproject.model.dao.impl.UserDiscountDao.delete(UserDiscountDao.java:18)
	at by.epam.finalproject.model.dao.UserDiscountDaoTest.deleteTest(UserDiscountDaoTest.java:59)
</failure>
    <system-out>2021-12-13 INFO  UserDiscountDao - Entity: null
</system-out>
  </testcase>
  <testcase classname="by.epam.finalproject.model.dao.UserDiscountDaoTest" name="findAllTest" time="0"/>
  <testcase classname="by.epam.finalproject.model.dao.UserDiscountDaoTest" name="findEntityByIdTest" time="0"/>
  <testcase classname="by.epam.finalproject.model.dao.UserDiscountDaoTest" name="updateTest" time="0.015"/>
  <testcase classname="by.epam.finalproject.util.PasswordEncryptionTest" name="md5ApacheTest" time="0.012"/>
</testsuite>